<?xml version="1.0" encoding="UTF-8"?>
<!-- Generated by org.testng.reporters.JUnitReportReporter -->
<testsuite hostname="DESKTOP-R3VJL89" failures="0" tests="2" name="tests.FlowMapper" time="93.104" errors="0" timestamp="2021-04-02T20:55:12 IST" skipped="0">
  <testcase classname="tests.FlowMapper" name="flowMapperTest" time="4.409"/>
  <system-out/>
  <testcase classname="tests.FlowMapper" name="flowMapperTest" time="88.695"/>
  <system-out/>
</testsuite> <!-- tests.FlowMapper -->
