<?xml version="1.0" encoding="UTF-8"?>
<!-- Generated by org.testng.reporters.JUnitReportReporter -->
<testsuite hostname="DESKTOP-R3VJL89" failures="0" tests="2" name="tests.FlowMapper" time="95.130" errors="0" timestamp="2021-04-12T00:11:34 IST" skipped="0">
  <testcase classname="tests.FlowMapper" name="flowMapperTest" time="91.758"/>
  <system-out/>
  <testcase classname="tests.FlowMapper" name="flowMapperTest" time="3.372"/>
  <system-out/>
</testsuite> <!-- tests.FlowMapper -->
