<?xml version="1.0" encoding="UTF-8"?>
<!-- Generated by org.testng.reporters.JUnitReportReporter -->
<testsuite hostname="DESKTOP-R3VJL89" failures="0" tests="2" name="tests.FlowMapper" time="126.448" errors="0" timestamp="2021-04-04T16:15:31 IST" skipped="0">
  <testcase classname="tests.FlowMapper" name="flowMapperTest" time="122.979"/>
  <system-out/>
  <testcase classname="tests.FlowMapper" name="flowMapperTest" time="3.469"/>
  <system-out/>
</testsuite> <!-- tests.FlowMapper -->
