<?xml version="1.0" encoding="UTF-8"?>
<!-- Generated by org.testng.reporters.JUnitReportReporter -->
<testsuite hostname="DESKTOP-R3VJL89" failures="0" tests="2" name="tests.FlowMapper" time="130.701" errors="0" timestamp="2022-03-27T17:33:41 IST" skipped="0">
  <testcase classname="tests.FlowMapper" name="flowMapperTest" time="2.121"/>
  <system-out/>
  <testcase classname="tests.FlowMapper" name="flowMapperTest" time="128.580"/>
  <system-out>
Connecting server... Connection established...  </system-out>
</testsuite> <!-- tests.FlowMapper -->
