<?xml version="1.0" encoding="UTF-8"?>
<!-- Generated by org.testng.reporters.JUnitReportReporter -->
<testsuite hostname="MI-20151052852" failures="0" tests="2" name="tests.FlowMapper" time="40.574" errors="0" timestamp="2024-05-08T15:40:31 IST" skipped="0">
  <testcase classname="tests.FlowMapper" name="flowMapperTest" time="1.333"/>
  <system-out/>
  <testcase classname="tests.FlowMapper" name="flowMapperTest" time="39.241"/>
  <system-out/>
</testsuite> <!-- tests.FlowMapper -->
