<?xml version="1.0" encoding="UTF-8"?>
<!-- Generated by org.testng.reporters.JUnitReportReporter -->
<testsuite hostname="DESKTOP-R3VJL89" failures="0" tests="3" name="tests.FlowMapper" time="106.908" errors="0" timestamp="2021-04-12T01:26:45 IST" skipped="0">
  <testcase classname="tests.FlowMapper" name="flowMapperTest" time="41.913"/>
  <system-out/>
  <testcase classname="tests.FlowMapper" name="flowMapperTest" time="61.751"/>
  <system-out/>
  <testcase classname="tests.FlowMapper" name="flowMapperTest" time="3.244"/>
  <system-out/>
</testsuite> <!-- tests.FlowMapper -->
