<?xml version="1.0" encoding="UTF-8"?>
<!-- Generated by org.testng.reporters.JUnitReportReporter -->
<testsuite hostname="DESKTOP-R3VJL89" failures="0" tests="3" name="tests.FlowMapper" time="301.007" errors="0" timestamp="2021-07-24T18:46:26 IST" skipped="0">
  <testcase classname="tests.FlowMapper" name="flowMapperTest" time="121.349"/>
  <system-out/>
  <testcase classname="tests.FlowMapper" name="flowMapperTest" time="165.348"/>
  <system-out/>
  <testcase classname="tests.FlowMapper" name="flowMapperTest" time="14.310"/>
  <system-out/>
</testsuite> <!-- tests.FlowMapper -->
