<?xml version="1.0" encoding="UTF-8"?>
<!-- Generated by org.testng.reporters.JUnitReportReporter -->
<testsuite hostname="DESKTOP-R3VJL89" failures="0" tests="2" name="tests.FlowMapper" time="86.375" errors="0" timestamp="2021-04-03T23:43:24 IST" skipped="0">
  <testcase classname="tests.FlowMapper" name="flowMapperTest" time="4.788"/>
  <system-out/>
  <testcase classname="tests.FlowMapper" name="flowMapperTest" time="81.587"/>
  <system-out/>
</testsuite> <!-- tests.FlowMapper -->
