<?xml version="1.0" encoding="UTF-8"?>
<!-- Generated by org.testng.reporters.JUnitReportReporter -->
<testsuite hostname="DESKTOP-R3VJL89" failures="0" tests="4" name="tests.FlowMapper" time="163.452" errors="0" timestamp="2021-03-28T15:21:18 IST" skipped="0">
  <testcase classname="tests.FlowMapper" name="flowMapperTest" time="61.255"/>
  <system-out/>
  <testcase classname="tests.FlowMapper" name="flowMapperTest" time="57.451"/>
  <system-out/>
  <testcase classname="tests.FlowMapper" name="flowMapperTest" time="4.250"/>
  <system-out/>
  <testcase classname="tests.FlowMapper" name="flowMapperTest" time="40.496"/>
  <system-out/>
</testsuite> <!-- tests.FlowMapper -->
