<?xml version="1.0" encoding="UTF-8"?>
<!-- Generated by org.testng.reporters.JUnitReportReporter -->
<testsuite hostname="DESKTOP-R3VJL89" failures="0" tests="2" name="tests.FlowMapper" time="95.189" errors="0" timestamp="2022-03-27T17:31:05 IST" skipped="0">
  <testcase classname="tests.FlowMapper" name="flowMapperTest" time="3.126"/>
  <system-out/>
  <testcase classname="tests.FlowMapper" name="flowMapperTest" time="92.063"/>
  <system-out/>
</testsuite> <!-- tests.FlowMapper -->
