<?xml version="1.0" encoding="UTF-8"?>
<!-- Generated by org.testng.reporters.JUnitReportReporter -->
<testsuite hostname="DESKTOP-R3VJL89" failures="0" tests="3" name="tests.FlowMapper" time="130.563" errors="0" timestamp="2021-04-03T15:34:11 IST" skipped="0">
  <testcase classname="tests.FlowMapper" name="flowMapperTest" time="58.266"/>
  <system-out/>
  <testcase classname="tests.FlowMapper" name="flowMapperTest" time="4.166"/>
  <system-out/>
  <testcase classname="tests.FlowMapper" name="flowMapperTest" time="68.131"/>
  <system-out/>
</testsuite> <!-- tests.FlowMapper -->
