<?xml version="1.0" encoding="UTF-8"?>
<!-- Generated by org.testng.reporters.JUnitReportReporter -->
<testsuite hostname="DESKTOP-R3VJL89" failures="0" tests="1" name="tests.ui.LoginTest" time="0.000" errors="0" timestamp="2021-03-18T14:23:37 IST" skipped="1">
  <testcase classname="tests.ui.LoginTest" name="loginTest" time="0.000">
    <skipped/>
  </testcase> <!-- loginTest -->
  <system-out/>
</testsuite> <!-- tests.ui.LoginTest -->
