<?xml version="1.0" encoding="UTF-8"?>
<!-- Generated by org.testng.reporters.JUnitReportReporter -->
<testsuite hostname="DESKTOP-R3VJL89" failures="0" tests="2" name="tests.FlowMapper" time="51.119" errors="0" timestamp="2021-07-21T01:34:14 IST" skipped="0">
  <testcase classname="tests.FlowMapper" name="flowMapperTest" time="47.200"/>
  <system-out/>
  <testcase classname="tests.FlowMapper" name="flowMapperTest" time="3.919"/>
  <system-out/>
</testsuite> <!-- tests.FlowMapper -->
