<?xml version="1.0" encoding="UTF-8"?>
<!-- Generated by org.testng.reporters.JUnitReportReporter -->
<testsuite hostname="DESKTOP-R3VJL89" failures="0" tests="1" name="tests.FlowMapper" time="0.000" errors="0" timestamp="2021-02-20T19:56:41 IST" skipped="1">
  <testcase classname="tests.FlowMapper" name="flowMapperTest" time="0.000">
    <skipped/>
  </testcase> <!-- flowMapperTest -->
  <system-out/>
</testsuite> <!-- tests.FlowMapper -->
